c:\users\cookieschen\desktop\课业\大三\下\paogd\paogd_hw4\src\16340029chensiqi\snake\snake\x64\debug\vc142.pdb
c:\users\cookieschen\desktop\课业\大三\下\paogd\paogd_hw4\src\16340029chensiqi\snake\snake\x64\debug\vc142.idb
c:\users\cookieschen\desktop\课业\大三\下\paogd\paogd_hw4\src\16340029chensiqi\snake\snake\x64\debug\texture.obj
c:\users\cookieschen\desktop\课业\大三\下\paogd\paogd_hw4\src\16340029chensiqi\snake\snake\x64\debug\stb_image.obj
c:\users\cookieschen\desktop\课业\大三\下\paogd\paogd_hw4\src\16340029chensiqi\snake\snake\x64\debug\sprite.obj
c:\users\cookieschen\desktop\课业\大三\下\paogd\paogd_hw4\src\16340029chensiqi\snake\snake\x64\debug\shader.obj
c:\users\cookieschen\desktop\课业\大三\下\paogd\paogd_hw4\src\16340029chensiqi\snake\snake\x64\debug\resourcemanager.obj
c:\users\cookieschen\desktop\课业\大三\下\paogd\paogd_hw4\src\16340029chensiqi\snake\snake\x64\debug\mesh.obj
c:\users\cookieschen\desktop\课业\大三\下\paogd\paogd_hw4\src\16340029chensiqi\snake\snake\x64\debug\main.obj
c:\users\cookieschen\desktop\课业\大三\下\paogd\paogd_hw4\src\16340029chensiqi\snake\snake\x64\debug\imgui_widgets.obj
c:\users\cookieschen\desktop\课业\大三\下\paogd\paogd_hw4\src\16340029chensiqi\snake\snake\x64\debug\imgui_impl_opengl3.obj
c:\users\cookieschen\desktop\课业\大三\下\paogd\paogd_hw4\src\16340029chensiqi\snake\snake\x64\debug\imgui_impl_glfw.obj
c:\users\cookieschen\desktop\课业\大三\下\paogd\paogd_hw4\src\16340029chensiqi\snake\snake\x64\debug\imgui_draw.obj
c:\users\cookieschen\desktop\课业\大三\下\paogd\paogd_hw4\src\16340029chensiqi\snake\snake\x64\debug\imgui_demo.obj
c:\users\cookieschen\desktop\课业\大三\下\paogd\paogd_hw4\src\16340029chensiqi\snake\snake\x64\debug\imgui.obj
c:\users\cookieschen\desktop\课业\大三\下\paogd\paogd_hw4\src\16340029chensiqi\snake\snake\x64\debug\game.obj
c:\users\cookieschen\desktop\课业\大三\下\paogd\paogd_hw4\src\16340029chensiqi\snake\snake\x64\debug\camera.obj
c:\users\cookieschen\desktop\课业\大三\下\paogd\paogd_hw4\src\16340029chensiqi\snake\snake\x64\debug\glad.obj
c:\users\cookieschen\desktop\课业\大三\下\paogd\paogd_hw4\src\16340029chensiqi\snake\snake\x64\debug\model.obj
c:\users\cookieschen\desktop\课业\大三\下\paogd\paogd_hw4\src\16340029chensiqi\snake\snake\x64\debug\spriterender.obj
c:\users\cookieschen\desktop\课业\大三\下\paogd\paogd_hw4\src\16340029chensiqi\snake\snake\x64\debug\gameobject.obj
c:\users\cookieschen\desktop\课业\大三\下\paogd\paogd_hw4\src\16340029chensiqi\snake\x64\debug\snake.exe
c:\users\cookieschen\desktop\课业\大三\下\paogd\paogd_hw4\src\16340029chensiqi\snake\x64\debug\snake.ilk
c:\users\cookieschen\desktop\课业\大三\下\paogd\paogd_hw4\src\16340029chensiqi\snake\x64\debug\snake.pdb
c:\users\cookieschen\desktop\课业\大三\下\paogd\paogd_hw4\src\16340029chensiqi\snake\snake\x64\debug\snake.res
c:\users\cookieschen\desktop\课业\大三\下\paogd\paogd_hw4\src\16340029chensiqi\snake\snake\x64\debug\snake.tlog\cl.command.1.tlog
c:\users\cookieschen\desktop\课业\大三\下\paogd\paogd_hw4\src\16340029chensiqi\snake\snake\x64\debug\snake.tlog\cl.read.1.tlog
c:\users\cookieschen\desktop\课业\大三\下\paogd\paogd_hw4\src\16340029chensiqi\snake\snake\x64\debug\snake.tlog\cl.write.1.tlog
c:\users\cookieschen\desktop\课业\大三\下\paogd\paogd_hw4\src\16340029chensiqi\snake\snake\x64\debug\snake.tlog\link.command.1.tlog
c:\users\cookieschen\desktop\课业\大三\下\paogd\paogd_hw4\src\16340029chensiqi\snake\snake\x64\debug\snake.tlog\link.read.1.tlog
c:\users\cookieschen\desktop\课业\大三\下\paogd\paogd_hw4\src\16340029chensiqi\snake\snake\x64\debug\snake.tlog\link.write.1.tlog
c:\users\cookieschen\desktop\课业\大三\下\paogd\paogd_hw4\src\16340029chensiqi\snake\snake\x64\debug\snake.tlog\rc.command.1.tlog
c:\users\cookieschen\desktop\课业\大三\下\paogd\paogd_hw4\src\16340029chensiqi\snake\snake\x64\debug\snake.tlog\rc.read.1.tlog
c:\users\cookieschen\desktop\课业\大三\下\paogd\paogd_hw4\src\16340029chensiqi\snake\snake\x64\debug\snake.tlog\rc.write.1.tlog
