c:\users\cookieschen\source\repos\project1\project1\debug\vc142.pdb
c:\users\cookieschen\source\repos\project1\project1\debug\vc142.idb
c:\users\cookieschen\source\repos\project1\project1\debug\glad.obj
c:\users\cookieschen\source\repos\project1\project1\debug\test.obj
c:\users\cookieschen\desktop\课业\大三\下\paogd\paogd_hw4\src\16340029chensiqi\snake\snake\debug\vc142.pdb
c:\users\cookieschen\desktop\课业\大三\下\paogd\paogd_hw4\src\16340029chensiqi\snake\snake\debug\vc142.idb
c:\users\cookieschen\desktop\课业\大三\下\paogd\paogd_hw4\src\16340029chensiqi\snake\snake\debug\view.obj
c:\users\cookieschen\desktop\课业\大三\下\paogd\paogd_hw4\src\16340029chensiqi\snake\snake\debug\transformation.obj
c:\users\cookieschen\desktop\课业\大三\下\paogd\paogd_hw4\src\16340029chensiqi\snake\snake\debug\shadow.obj
c:\users\cookieschen\desktop\课业\大三\下\paogd\paogd_hw4\src\16340029chensiqi\snake\snake\debug\shader.obj
c:\users\cookieschen\desktop\课业\大三\下\paogd\paogd_hw4\src\16340029chensiqi\snake\snake\debug\main.obj
c:\users\cookieschen\desktop\课业\大三\下\paogd\paogd_hw4\src\16340029chensiqi\snake\snake\debug\light.obj
c:\users\cookieschen\desktop\课业\大三\下\paogd\paogd_hw4\src\16340029chensiqi\snake\snake\debug\imgui_widgets.obj
c:\users\cookieschen\desktop\课业\大三\下\paogd\paogd_hw4\src\16340029chensiqi\snake\snake\debug\imgui_impl_opengl3.obj
c:\users\cookieschen\desktop\课业\大三\下\paogd\paogd_hw4\src\16340029chensiqi\snake\snake\debug\imgui_impl_glfw.obj
c:\users\cookieschen\desktop\课业\大三\下\paogd\paogd_hw4\src\16340029chensiqi\snake\snake\debug\imgui_draw.obj
c:\users\cookieschen\desktop\课业\大三\下\paogd\paogd_hw4\src\16340029chensiqi\snake\snake\debug\imgui_demo.obj
c:\users\cookieschen\desktop\课业\大三\下\paogd\paogd_hw4\src\16340029chensiqi\snake\snake\debug\imgui.obj
c:\users\cookieschen\desktop\课业\大三\下\paogd\paogd_hw4\src\16340029chensiqi\snake\snake\debug\camera.obj
c:\users\cookieschen\desktop\课业\大三\下\paogd\paogd_hw4\src\16340029chensiqi\snake\snake\debug\bresenham.obj
c:\users\cookieschen\desktop\课业\大三\下\paogd\paogd_hw4\src\16340029chensiqi\snake\snake\debug\glad.obj
c:\users\cookieschen\desktop\课业\大三\下\paogd\paogd_hw4\src\16340029chensiqi\snake\snake\debug\test.obj
c:\users\cookieschen\desktop\课业\大三\下\paogd\paogd_hw4\src\16340029chensiqi\snake\debug\snake.pdb
c:\users\cookieschen\desktop\课业\大三\下\paogd\paogd_hw4\src\16340029chensiqi\snake\snake\debug\snake.tlog\cl.command.1.tlog
c:\users\cookieschen\desktop\课业\大三\下\paogd\paogd_hw4\src\16340029chensiqi\snake\snake\debug\snake.tlog\cl.read.1.tlog
c:\users\cookieschen\desktop\课业\大三\下\paogd\paogd_hw4\src\16340029chensiqi\snake\snake\debug\snake.tlog\cl.write.1.tlog
c:\users\cookieschen\desktop\课业\大三\下\paogd\paogd_hw4\src\16340029chensiqi\snake\snake\debug\snake.tlog\link-cvtres.read.1.tlog
c:\users\cookieschen\desktop\课业\大三\下\paogd\paogd_hw4\src\16340029chensiqi\snake\snake\debug\snake.tlog\link-cvtres.write.1.tlog
c:\users\cookieschen\desktop\课业\大三\下\paogd\paogd_hw4\src\16340029chensiqi\snake\snake\debug\snake.tlog\link-rc.read.1.tlog
c:\users\cookieschen\desktop\课业\大三\下\paogd\paogd_hw4\src\16340029chensiqi\snake\snake\debug\snake.tlog\link-rc.write.1.tlog
c:\users\cookieschen\desktop\课业\大三\下\paogd\paogd_hw4\src\16340029chensiqi\snake\snake\debug\snake.tlog\link.command.1.tlog
c:\users\cookieschen\desktop\课业\大三\下\paogd\paogd_hw4\src\16340029chensiqi\snake\snake\debug\snake.tlog\link.read.1.tlog
c:\users\cookieschen\desktop\课业\大三\下\paogd\paogd_hw4\src\16340029chensiqi\snake\snake\debug\snake.tlog\link.write.1.tlog
c:\users\cookieschen\desktop\课业\大三\下\paogd\paogd_hw4\src\16340029chensiqi\snake\snake\debug\snake.tlog\rc.command.1.tlog
c:\users\cookieschen\desktop\课业\大三\下\paogd\paogd_hw4\src\16340029chensiqi\snake\snake\debug\snake.tlog\rc.write.1.tlog
